2026-01-17 23:58:07,284 [DEBUG] [MainThread] [systray_widget/systray.py:526]: Loading state from C:\Users\ASUS\AppData\Local\YASB\systray_state_ONYMEDISPLAY1.json
2026-01-17 23:58:07,298 [DEBUG] [SystrayMonitor] [systray_widget/systray.py:57]: Systray thread is starting...
2026-01-17 23:58:07,323 [DEBUG] [SystrayMonitor] [systray_widget/systray_monitor.py:242]: Finding real tray hwnd
2026-01-17 23:58:07,334 [DEBUG] [MainThread] [systray_widget/systray.py:277]: Systray thread started
2026-01-17 23:58:07,353 [INFO] [Dummy-5] [root/event_listener.py:125]: Komorebi connected to named pipe: yasb-506afa19-f3bd-11f0-a1c8-a424cece2db1
2026-01-17 23:58:07,470 [INFO] [MainThread] [root/api.py:69]: Fetching new weather data at 2026-01-17 23:58:07.470471
2026-01-17 23:58:07,535 [DEBUG] [SystrayMonitor] [systray_widget/systray_monitor.py:164]: Adding TaskbandHWND prop to hwnd 4524334
2026-01-17 23:58:07,548 [DEBUG] [MainThread] [systray_widget/systray_monitor.py:157]: Sending TaskbarCreated message: 49273
2026-01-17 23:58:15,810 [INFO] [MainThread] [root/controller.py:15]: Reloading Application because of config change.
2026-01-17 23:58:15,920 [INFO] [MainThread] [cli_server/cli_server.py:112]: Log pipe server stopped
2026-01-17 23:58:15,920 [DEBUG] [MainThread] [cli_server/cli_server.py:206]: CLI server stopped
2026-01-17 23:58:15,924 [INFO] [MainThread] [root/bar_manager.py:76]: Successfully loaded updated config and re-initialised all bars.
2026-01-17 23:58:16,010 [INFO] [MainThread] [root/bar_manager.py:92]: Stopping WindowsNotificationEventListener...
2026-01-17 23:58:16,011 [INFO] [MainThread] [root/bar_manager.py:92]: Stopping KomorebiEventListener...
2026-01-17 23:58:16,014 [DEBUG] [MainThread] [systray_widget/systray.py:504]: Saving state to disk
2026-01-17 23:58:16,015 [DEBUG] [MainThread] [systray_widget/systray.py:508]: Saving state to C:\Users\ASUS\AppData\Local\YASB\systray_state_ONYMEDISPLAY1.json
2026-01-17 23:58:16,015 [DEBUG] [MainThread] [systray_widget/utils.py:96]: Destroying window 4524334
2026-01-17 23:58:16,025 [INFO] [Dummy-5] [root/event_listener.py:92]: Attempting to reconnect to Komorebi...
2026-01-17 23:58:16,037 [DEBUG] [MainThread] [qasync._windows._EventPoller/_windows.py:220]: Stopping worker thread...
2026-01-17 23:58:16,045 [DEBUG] [Dummy-8] [qasync._windows._EventWorker/_windows.py:204]: Exiting thread
2026-01-17 23:58:16,049 [DEBUG] [MainThread] [qasync._windows._IocpProactor/_windows.py:78]: Closing
2026-01-17 23:58:16,058 [DEBUG] [MainThread] [systray_widget/utils.py:96]: Destroying window 4524334
2026-01-17 23:58:16,341 [INFO] [MainThread] [root/log.py:69]: YASB v1.8.6
2026-01-17 23:58:16,342 [INFO] [Thread-1 (_run_server)] [cli_server/cli_server.py:212]: CLI server started v1.1.4
2026-01-17 23:58:16,342 [INFO] [MainThread] [cli_server/cli_server.py:104]: Log pipe server started
2026-01-17 23:58:16,931 [INFO] [MainThread] [root/service.py:48]: AudioOutputService starting...
2026-01-17 23:58:17,159 [INFO] [MainThread] [root/bar_manager.py:85]: Starting KomorebiEventListener...
2026-01-17 23:58:17,160 [INFO] [MainThread] [root/bar_manager.py:85]: Starting WindowsNotificationEventListener...
2026-01-17 23:58:17,162 [INFO] [Dummy-3] [root/event_listener.py:51]: Created named pipe yasb-565a198c-f3bd-11f0-aca5-a424cece2db1
2026-01-17 23:58:17,164 [INFO] [MainThread] [root/watcher.py:54]: Created file watcher for path C:\Users\ASUS\.config\yasb
2026-01-17 23:58:17,227 [INFO] [MainThread] [root/update_service.py:409]: Background update checker started
2026-01-17 23:58:17,227 [DEBUG] [MainThread] [qasync._windows._EventPoller/_windows.py:215]: Starting (proactor: <_IocpProactor overlapped#=0 result#=0>)...
2026-01-17 23:58:17,230 [DEBUG] [Dummy-8] [qasync._windows._EventWorker/_windows.py:195]: Thread started
2026-01-17 23:58:17,231 [DEBUG] [MainThread] [systray_widget/systray.py:526]: Loading state from C:\Users\ASUS\AppData\Local\YASB\systray_state_ONYMEDISPLAY1.json
2026-01-17 23:58:17,237 [DEBUG] [SystrayMonitor] [systray_widget/systray.py:57]: Systray thread is starting...
2026-01-17 23:58:17,275 [INFO] [Dummy-3] [root/event_listener.py:125]: Komorebi connected to named pipe: yasb-565a198c-f3bd-11f0-aca5-a424cece2db1
2026-01-17 23:58:17,278 [DEBUG] [MainThread] [systray_widget/systray.py:277]: Systray thread started
2026-01-17 23:58:17,301 [DEBUG] [SystrayMonitor] [systray_widget/systray_monitor.py:242]: Finding real tray hwnd
2026-01-17 23:58:17,333 [INFO] [MainThread] [root/api.py:69]: Fetching new weather data at 2026-01-17 23:58:17.333044
2026-01-17 23:58:17,478 [DEBUG] [SystrayMonitor] [systray_widget/systray_monitor.py:164]: Adding TaskbandHWND prop to hwnd 5704668
2026-01-17 23:58:17,492 [DEBUG] [MainThread] [systray_widget/systray_monitor.py:157]: Sending TaskbarCreated message: 49273
2026-01-18 00:00:17,666 [INFO] [MainThread] [root/controller.py:15]: Reloading Application because of config change.
2026-01-18 00:00:17,778 [INFO] [MainThread] [cli_server/cli_server.py:112]: Log pipe server stopped
2026-01-18 00:00:17,778 [DEBUG] [MainThread] [cli_server/cli_server.py:206]: CLI server stopped
2026-01-18 00:00:17,783 [INFO] [MainThread] [root/bar_manager.py:76]: Successfully loaded updated config and re-initialised all bars.
2026-01-18 00:00:17,865 [INFO] [MainThread] [root/bar_manager.py:92]: Stopping KomorebiEventListener...
2026-01-18 00:00:17,865 [INFO] [MainThread] [root/bar_manager.py:92]: Stopping WindowsNotificationEventListener...
2026-01-18 00:00:17,868 [DEBUG] [MainThread] [systray_widget/systray.py:504]: Saving state to disk
2026-01-18 00:00:17,868 [DEBUG] [MainThread] [systray_widget/systray.py:508]: Saving state to C:\Users\ASUS\AppData\Local\YASB\systray_state_ONYMEDISPLAY1.json
2026-01-18 00:00:17,869 [DEBUG] [MainThread] [systray_widget/utils.py:96]: Destroying window 5704668
2026-01-18 00:00:17,886 [DEBUG] [MainThread] [qasync._windows._EventPoller/_windows.py:220]: Stopping worker thread...
2026-01-18 00:00:17,888 [DEBUG] [Dummy-8] [qasync._windows._EventWorker/_windows.py:204]: Exiting thread
2026-01-18 00:00:17,893 [DEBUG] [MainThread] [qasync._windows._IocpProactor/_windows.py:78]: Closing
2026-01-18 00:00:17,910 [DEBUG] [MainThread] [systray_widget/utils.py:96]: Destroying window 5704668
2026-01-18 00:00:18,195 [INFO] [MainThread] [root/log.py:69]: YASB v1.8.6
2026-01-18 00:00:18,196 [INFO] [Thread-1 (_run_server)] [cli_server/cli_server.py:212]: CLI server started v1.1.4
2026-01-18 00:00:18,196 [INFO] [MainThread] [cli_server/cli_server.py:104]: Log pipe server started
2026-01-18 00:00:18,671 [INFO] [MainThread] [root/service.py:48]: AudioOutputService starting...
2026-01-18 00:00:18,868 [INFO] [MainThread] [root/bar_manager.py:85]: Starting KomorebiEventListener...
2026-01-18 00:00:18,868 [INFO] [MainThread] [root/bar_manager.py:85]: Starting WindowsNotificationEventListener...
2026-01-18 00:00:18,872 [INFO] [Dummy-3] [root/event_listener.py:51]: Created named pipe yasb-9ee563f0-f3bd-11f0-a769-a424cece2db1
2026-01-18 00:00:18,873 [INFO] [MainThread] [root/watcher.py:54]: Created file watcher for path C:\Users\ASUS\.config\yasb
2026-01-18 00:00:18,928 [INFO] [MainThread] [root/update_service.py:409]: Background update checker started
2026-01-18 00:00:18,928 [DEBUG] [MainThread] [qasync._windows._EventPoller/_windows.py:215]: Starting (proactor: <_IocpProactor overlapped#=0 result#=0>)...
2026-01-18 00:00:18,932 [DEBUG] [Dummy-8] [qasync._windows._EventWorker/_windows.py:195]: Thread started
2026-01-18 00:00:18,999 [INFO] [Dummy-3] [root/event_listener.py:125]: Komorebi connected to named pipe: yasb-9ee563f0-f3bd-11f0-a769-a424cece2db1
2026-01-18 00:00:19,126 [INFO] [MainThread] [root/api.py:69]: Fetching new weather data at 2026-01-18 00:00:19.126512
2026-01-18 00:02:15,155 [INFO] [MainThread] [root/controller.py:15]: Reloading Application because of config change.
2026-01-18 00:02:15,259 [INFO] [MainThread] [cli_server/cli_server.py:112]: Log pipe server stopped
2026-01-18 00:02:15,259 [DEBUG] [MainThread] [cli_server/cli_server.py:206]: CLI server stopped
2026-01-18 00:02:15,263 [INFO] [MainThread] [root/bar_manager.py:76]: Successfully loaded updated config and re-initialised all bars.
2026-01-18 00:02:15,345 [INFO] [MainThread] [root/bar_manager.py:92]: Stopping KomorebiEventListener...
2026-01-18 00:02:15,345 [INFO] [MainThread] [root/bar_manager.py:92]: Stopping WindowsNotificationEventListener...
2026-01-18 00:02:15,350 [INFO] [Dummy-3] [root/event_listener.py:92]: Attempting to reconnect to Komorebi...
2026-01-18 00:02:15,368 [DEBUG] [MainThread] [qasync._windows._EventPoller/_windows.py:220]: Stopping worker thread...
2026-01-18 00:02:15,401 [DEBUG] [Dummy-8] [qasync._windows._EventWorker/_windows.py:204]: Exiting thread
2026-01-18 00:02:15,410 [DEBUG] [MainThread] [qasync._windows._IocpProactor/_windows.py:78]: Closing
2026-01-18 00:02:15,666 [INFO] [MainThread] [root/log.py:69]: YASB v1.8.6
2026-01-18 00:02:15,666 [INFO] [Thread-1 (_run_server)] [cli_server/cli_server.py:212]: CLI server started v1.1.4
2026-01-18 00:02:15,666 [INFO] [MainThread] [cli_server/cli_server.py:104]: Log pipe server started
2026-01-18 00:02:16,064 [INFO] [MainThread] [root/service.py:48]: AudioOutputService starting...
2026-01-18 00:02:16,254 [INFO] [MainThread] [root/bar_manager.py:85]: Starting WindowsNotificationEventListener...
2026-01-18 00:02:16,258 [INFO] [MainThread] [root/bar_manager.py:85]: Starting KomorebiEventListener...
2026-01-18 00:02:16,259 [INFO] [MainThread] [root/watcher.py:54]: Created file watcher for path C:\Users\ASUS\.config\yasb
2026-01-18 00:02:16,276 [INFO] [Dummy-5] [root/event_listener.py:51]: Created named pipe yasb-e4ddb058-f3bd-11f0-a330-a424cece2db1
2026-01-18 00:02:16,312 [INFO] [MainThread] [root/update_service.py:409]: Background update checker started
2026-01-18 00:02:16,313 [DEBUG] [MainThread] [qasync._windows._EventPoller/_windows.py:215]: Starting (proactor: <_IocpProactor overlapped#=0 result#=0>)...
2026-01-18 00:02:16,315 [DEBUG] [Dummy-8] [qasync._windows._EventWorker/_windows.py:195]: Thread started
2026-01-18 00:02:16,433 [INFO] [Dummy-5] [root/event_listener.py:125]: Komorebi connected to named pipe: yasb-e4ddb058-f3bd-11f0-a330-a424cece2db1
2026-01-18 00:02:16,656 [INFO] [MainThread] [root/api.py:69]: Fetching new weather data at 2026-01-18 00:02:16.656343
2026-01-18 00:02:24,853 [INFO] [MainThread] [root/controller.py:15]: Reloading Application because of config change.
2026-01-18 00:02:24,967 [INFO] [MainThread] [cli_server/cli_server.py:112]: Log pipe server stopped
2026-01-18 00:02:24,968 [DEBUG] [MainThread] [cli_server/cli_server.py:206]: CLI server stopped
2026-01-18 00:02:24,979 [INFO] [MainThread] [root/bar_manager.py:76]: Successfully loaded updated config and re-initialised all bars.
2026-01-18 00:02:25,063 [INFO] [MainThread] [root/bar_manager.py:92]: Stopping WindowsNotificationEventListener...
2026-01-18 00:02:25,063 [INFO] [MainThread] [root/bar_manager.py:92]: Stopping KomorebiEventListener...
2026-01-18 00:02:25,083 [DEBUG] [MainThread] [qasync._windows._EventPoller/_windows.py:220]: Stopping worker thread...
2026-01-18 00:02:25,090 [DEBUG] [Dummy-8] [qasync._windows._EventWorker/_windows.py:204]: Exiting thread
2026-01-18 00:02:25,092 [DEBUG] [MainThread] [qasync._windows._IocpProactor/_windows.py:78]: Closing
2026-01-18 00:02:25,101 [INFO] [Dummy-5] [root/event_listener.py:92]: Attempting to reconnect to Komorebi...
2026-01-18 00:02:25,390 [INFO] [MainThread] [root/log.py:69]: YASB v1.8.6
2026-01-18 00:02:25,391 [INFO] [Thread-1 (_run_server)] [cli_server/cli_server.py:212]: CLI server started v1.1.4
2026-01-18 00:02:25,392 [INFO] [MainThread] [cli_server/cli_server.py:104]: Log pipe server started
2026-01-18 00:02:25,804 [INFO] [MainThread] [root/service.py:48]: AudioOutputService starting...
2026-01-18 00:02:26,003 [INFO] [MainThread] [root/bar_manager.py:85]: Starting KomorebiEventListener...
2026-01-18 00:02:26,003 [INFO] [MainThread] [root/bar_manager.py:85]: Starting WindowsNotificationEventListener...
2026-01-18 00:02:26,006 [INFO] [Dummy-3] [root/event_listener.py:51]: Created named pipe yasb-eaaca58e-f3bd-11f0-a684-a424cece2db1
2026-01-18 00:02:26,008 [INFO] [MainThread] [root/watcher.py:54]: Created file watcher for path C:\Users\ASUS\.config\yasb
2026-01-18 00:02:26,063 [INFO] [MainThread] [root/update_service.py:409]: Background update checker started
2026-01-18 00:02:26,063 [DEBUG] [MainThread] [qasync._windows._EventPoller/_windows.py:215]: Starting (proactor: <_IocpProactor overlapped#=0 result#=0>)...
2026-01-18 00:02:26,065 [DEBUG] [Dummy-8] [qasync._windows._EventWorker/_windows.py:195]: Thread started
2026-01-18 00:02:26,113 [INFO] [Dummy-3] [root/event_listener.py:125]: Komorebi connected to named pipe: yasb-eaaca58e-f3bd-11f0-a684-a424cece2db1
2026-01-18 00:02:26,212 [INFO] [MainThread] [root/api.py:69]: Fetching new weather data at 2026-01-18 00:02:26.212183
2026-01-18 00:12:25,856 [INFO] [MainThread] [root/api.py:69]: Fetching new weather data at 2026-01-18 00:12:25.856301
2026-01-18 00:19:51,014 [INFO] [MainThread] [root/controller.py:15]: Reloading Application because of config change.
2026-01-18 00:19:51,119 [INFO] [MainThread] [cli_server/cli_server.py:112]: Log pipe server stopped
2026-01-18 00:19:51,119 [DEBUG] [MainThread] [cli_server/cli_server.py:206]: CLI server stopped
2026-01-18 00:19:51,132 [INFO] [MainThread] [root/bar_manager.py:76]: Successfully loaded updated config and re-initialised all bars.
2026-01-18 00:19:51,233 [INFO] [MainThread] [root/bar_manager.py:92]: Stopping KomorebiEventListener...
2026-01-18 00:19:51,234 [INFO] [MainThread] [root/bar_manager.py:92]: Stopping WindowsNotificationEventListener...
2026-01-18 00:19:51,239 [INFO] [Dummy-3] [root/event_listener.py:92]: Attempting to reconnect to Komorebi...
2026-01-18 00:19:51,256 [DEBUG] [MainThread] [qasync._windows._EventPoller/_windows.py:220]: Stopping worker thread...
2026-01-18 00:19:51,260 [DEBUG] [Dummy-8] [qasync._windows._EventWorker/_windows.py:204]: Exiting thread
2026-01-18 00:19:51,266 [DEBUG] [MainThread] [qasync._windows._IocpProactor/_windows.py:78]: Closing
2026-01-18 00:19:52,607 [INFO] [MainThread] [root/log.py:69]: YASB v1.8.6
2026-01-18 00:19:52,607 [INFO] [Thread-1 (_run_server)] [cli_server/cli_server.py:212]: CLI server started v1.1.4
2026-01-18 00:19:52,608 [INFO] [MainThread] [cli_server/cli_server.py:104]: Log pipe server started
2026-01-18 00:19:53,362 [INFO] [MainThread] [root/service.py:48]: AudioOutputService starting...
2026-01-18 00:19:53,776 [INFO] [MainThread] [root/bar_manager.py:85]: Starting WindowsNotificationEventListener...
2026-01-18 00:19:53,781 [INFO] [MainThread] [root/bar_manager.py:85]: Starting KomorebiEventListener...
2026-01-18 00:19:53,782 [INFO] [MainThread] [root/watcher.py:54]: Created file watcher for path C:\Users\ASUS\.config\yasb
2026-01-18 00:19:53,784 [INFO] [Dummy-5] [root/event_listener.py:51]: Created named pipe yasb-5b32ec96-f3c0-11f0-8b3c-a424cece2db1
2026-01-18 00:19:53,858 [INFO] [MainThread] [root/update_service.py:409]: Background update checker started
2026-01-18 00:19:53,858 [DEBUG] [MainThread] [qasync._windows._EventPoller/_windows.py:215]: Starting (proactor: <_IocpProactor overlapped#=0 result#=0>)...
2026-01-18 00:19:53,860 [DEBUG] [Dummy-8] [qasync._windows._EventWorker/_windows.py:195]: Thread started
2026-01-18 00:19:53,923 [INFO] [Dummy-5] [root/event_listener.py:125]: Komorebi connected to named pipe: yasb-5b32ec96-f3c0-11f0-8b3c-a424cece2db1
2026-01-18 00:19:54,218 [INFO] [MainThread] [root/api.py:69]: Fetching new weather data at 2026-01-18 00:19:54.218594
2026-01-18 00:26:07,113 [INFO] [MainThread] [root/controller.py:15]: Reloading Application because of config change.
2026-01-18 00:26:07,226 [INFO] [MainThread] [cli_server/cli_server.py:112]: Log pipe server stopped
2026-01-18 00:26:07,226 [DEBUG] [MainThread] [cli_server/cli_server.py:206]: CLI server stopped
2026-01-18 00:26:07,231 [INFO] [MainThread] [root/bar_manager.py:76]: Successfully loaded updated config and re-initialised all bars.
2026-01-18 00:26:07,323 [INFO] [MainThread] [root/bar_manager.py:92]: Stopping WindowsNotificationEventListener...
2026-01-18 00:26:07,324 [INFO] [MainThread] [root/bar_manager.py:92]: Stopping KomorebiEventListener...
2026-01-18 00:26:07,338 [DEBUG] [MainThread] [qasync._windows._EventPoller/_windows.py:220]: Stopping worker thread...
2026-01-18 00:26:07,340 [INFO] [Dummy-5] [root/event_listener.py:92]: Attempting to reconnect to Komorebi...
2026-01-18 00:26:07,350 [DEBUG] [Dummy-8] [qasync._windows._EventWorker/_windows.py:204]: Exiting thread
2026-01-18 00:26:07,355 [DEBUG] [MainThread] [qasync._windows._IocpProactor/_windows.py:78]: Closing
2026-01-18 00:26:07,640 [INFO] [MainThread] [root/log.py:69]: YASB v1.8.6
2026-01-18 00:26:07,640 [INFO] [Thread-1 (_run_server)] [cli_server/cli_server.py:212]: CLI server started v1.1.4
2026-01-18 00:26:07,641 [INFO] [MainThread] [cli_server/cli_server.py:104]: Log pipe server started
2026-01-18 00:26:08,130 [INFO] [MainThread] [root/service.py:48]: AudioOutputService starting...
2026-01-18 00:26:08,359 [INFO] [MainThread] [root/bar_manager.py:85]: Starting KomorebiEventListener...
2026-01-18 00:26:08,359 [INFO] [MainThread] [root/bar_manager.py:85]: Starting WindowsNotificationEventListener...
2026-01-18 00:26:08,363 [INFO] [MainThread] [root/watcher.py:54]: Created file watcher for path C:\Users\ASUS\.config\yasb
2026-01-18 00:26:08,363 [INFO] [Dummy-5] [root/event_listener.py:51]: Created named pipe yasb-3a76edd0-f3c1-11f0-ae19-a424cece2db1
2026-01-18 00:26:08,416 [INFO] [MainThread] [root/update_service.py:409]: Background update checker started
2026-01-18 00:26:08,417 [DEBUG] [MainThread] [qasync._windows._EventPoller/_windows.py:215]: Starting (proactor: <_IocpProactor overlapped#=0 result#=0>)...
2026-01-18 00:26:08,418 [DEBUG] [Dummy-8] [qasync._windows._EventWorker/_windows.py:195]: Thread started
2026-01-18 00:26:08,524 [INFO] [Dummy-5] [root/event_listener.py:125]: Komorebi connected to named pipe: yasb-3a76edd0-f3c1-11f0-ae19-a424cece2db1
2026-01-18 00:26:09,191 [INFO] [MainThread] [root/api.py:69]: Fetching new weather data at 2026-01-18 00:26:09.191395
2026-01-18 00:26:56,871 [INFO] [MainThread] [root/controller.py:15]: Reloading Application because of config change.
2026-01-18 00:26:56,974 [INFO] [MainThread] [cli_server/cli_server.py:112]: Log pipe server stopped
2026-01-18 00:26:56,975 [DEBUG] [MainThread] [cli_server/cli_server.py:206]: CLI server stopped
2026-01-18 00:26:56,980 [INFO] [MainThread] [root/bar_manager.py:76]: Successfully loaded updated config and re-initialised all bars.
2026-01-18 00:26:57,081 [INFO] [MainThread] [root/bar_manager.py:92]: Stopping KomorebiEventListener...
2026-01-18 00:26:57,081 [INFO] [MainThread] [root/bar_manager.py:92]: Stopping WindowsNotificationEventListener...
2026-01-18 00:26:57,087 [INFO] [Dummy-5] [root/event_listener.py:92]: Attempting to reconnect to Komorebi...
2026-01-18 00:26:57,104 [DEBUG] [MainThread] [qasync._windows._EventPoller/_windows.py:220]: Stopping worker thread...
2026-01-18 00:26:57,116 [DEBUG] [Dummy-8] [qasync._windows._EventWorker/_windows.py:204]: Exiting thread
2026-01-18 00:26:57,118 [DEBUG] [MainThread] [qasync._windows._IocpProactor/_windows.py:78]: Closing
2026-01-18 00:26:57,406 [INFO] [MainThread] [root/log.py:69]: YASB v1.8.6
2026-01-18 00:26:57,407 [INFO] [Thread-1 (_run_server)] [cli_server/cli_server.py:212]: CLI server started v1.1.4
2026-01-18 00:26:57,407 [INFO] [MainThread] [cli_server/cli_server.py:104]: Log pipe server started
2026-01-18 00:26:58,074 [INFO] [MainThread] [root/service.py:48]: AudioOutputService starting...
2026-01-18 00:26:58,394 [INFO] [MainThread] [root/bar_manager.py:85]: Starting KomorebiEventListener...
2026-01-18 00:26:58,395 [INFO] [MainThread] [root/bar_manager.py:85]: Starting WindowsNotificationEventListener...
2026-01-18 00:26:58,398 [INFO] [Dummy-3] [root/event_listener.py:51]: Created named pipe yasb-5849be99-f3c1-11f0-92c1-a424cece2db1
2026-01-18 00:26:58,400 [INFO] [MainThread] [root/watcher.py:54]: Created file watcher for path C:\Users\ASUS\.config\yasb
2026-01-18 00:26:58,461 [INFO] [MainThread] [root/update_service.py:409]: Background update checker started
2026-01-18 00:26:58,461 [DEBUG] [MainThread] [qasync._windows._EventPoller/_windows.py:215]: Starting (proactor: <_IocpProactor overlapped#=0 result#=0>)...
2026-01-18 00:26:58,465 [DEBUG] [Dummy-8] [qasync._windows._EventWorker/_windows.py:195]: Thread started
2026-01-18 00:26:58,531 [INFO] [Dummy-3] [root/event_listener.py:125]: Komorebi connected to named pipe: yasb-5849be99-f3c1-11f0-92c1-a424cece2db1
2026-01-18 00:26:58,572 [INFO] [MainThread] [root/api.py:69]: Fetching new weather data at 2026-01-18 00:26:58.572690
